[2023-02-22T00:10:48] WARNING [django.request.log_response:241] Not Found: /course/creators-panel/neha
[2023-02-22T00:21:22] INFO [django.utils.autoreload.trigger_reload:266] D:\yash\billsnap\billsnapdec\accounts\urls.py changed, reloading.
[2023-02-22T00:22:52] WARNING [django.request.log_response:241] Not Found: /css/searchicon.png
[2023-02-22T00:25:19] ERROR [django.request.log_response:241] Internal Server Error: /apps/helo/notify/kim/
Traceback (most recent call last):
  File "D:\yash\billsnap\env\lib\site-packages\django\core\handlers\exception.py", line 55, in inner
    response = get_response(request)
  File "D:\yash\billsnap\env\lib\site-packages\django\core\handlers\base.py", line 197, in _get_response
    response = wrapped_callback(request, *callback_args, **callback_kwargs)
  File "D:\yash\billsnap\billsnapdec\dashboard\views.py", line 254, in notification
    return render('', {'user_notifications':user_notifications})
  File "D:\yash\billsnap\env\lib\site-packages\django\shortcuts.py", line 24, in render
    content = loader.render_to_string(template_name, context, request, using=using)
  File "D:\yash\billsnap\env\lib\site-packages\django\template\loader.py", line 61, in render_to_string
    template = get_template(template_name, using=using)
  File "D:\yash\billsnap\env\lib\site-packages\django\template\loader.py", line 15, in get_template
    return engine.get_template(template_name)
  File "D:\yash\billsnap\env\lib\site-packages\django\template\backends\django.py", line 34, in get_template
    return Template(self.engine.get_template(template_name), self)
  File "D:\yash\billsnap\env\lib\site-packages\django\template\engine.py", line 175, in get_template
    template, origin = self.find_template(template_name)
  File "D:\yash\billsnap\env\lib\site-packages\django\template\engine.py", line 157, in find_template
    template = loader.get_template(name, skip=skip)
  File "D:\yash\billsnap\env\lib\site-packages\django\template\loaders\cached.py", line 57, in get_template
    template = super().get_template(template_name, skip)
  File "D:\yash\billsnap\env\lib\site-packages\django\template\loaders\base.py", line 17, in get_template
    for origin in self.get_template_sources(template_name):
  File "D:\yash\billsnap\env\lib\site-packages\django\template\loaders\cached.py", line 70, in get_template_sources
    yield from loader.get_template_sources(template_name)
  File "D:\yash\billsnap\env\lib\site-packages\django\template\loaders\filesystem.py", line 35, in get_template_sources
    name = safe_join(template_dir, template_name)
  File "D:\yash\billsnap\env\lib\site-packages\django\utils\_os.py", line 17, in safe_join
    final_path = abspath(join(base, *paths))
  File "C:\Users\NEHA\AppData\Local\Programs\Python\Python310\lib\ntpath.py", line 143, in join
    genericpath._check_arg_types('join', path, *paths)
  File "C:\Users\NEHA\AppData\Local\Programs\Python\Python310\lib\genericpath.py", line 152, in _check_arg_types
    raise TypeError(f'{funcname}() argument must be str, bytes, or '
TypeError: join() argument must be str, bytes, or os.PathLike object, not 'dict'
[2023-02-22T00:25:30] ERROR [django.request.log_response:241] Internal Server Error: /apps/helo/notify/kim/
Traceback (most recent call last):
  File "D:\yash\billsnap\env\lib\site-packages\django\core\handlers\exception.py", line 55, in inner
    response = get_response(request)
  File "D:\yash\billsnap\env\lib\site-packages\django\core\handlers\base.py", line 197, in _get_response
    response = wrapped_callback(request, *callback_args, **callback_kwargs)
  File "D:\yash\billsnap\billsnapdec\dashboard\views.py", line 254, in notification
    return render('', {'user_notifications':user_notifications})
  File "D:\yash\billsnap\env\lib\site-packages\django\shortcuts.py", line 24, in render
    content = loader.render_to_string(template_name, context, request, using=using)
  File "D:\yash\billsnap\env\lib\site-packages\django\template\loader.py", line 61, in render_to_string
    template = get_template(template_name, using=using)
  File "D:\yash\billsnap\env\lib\site-packages\django\template\loader.py", line 15, in get_template
    return engine.get_template(template_name)
  File "D:\yash\billsnap\env\lib\site-packages\django\template\backends\django.py", line 34, in get_template
    return Template(self.engine.get_template(template_name), self)
  File "D:\yash\billsnap\env\lib\site-packages\django\template\engine.py", line 175, in get_template
    template, origin = self.find_template(template_name)
  File "D:\yash\billsnap\env\lib\site-packages\django\template\engine.py", line 157, in find_template
    template = loader.get_template(name, skip=skip)
  File "D:\yash\billsnap\env\lib\site-packages\django\template\loaders\cached.py", line 57, in get_template
    template = super().get_template(template_name, skip)
  File "D:\yash\billsnap\env\lib\site-packages\django\template\loaders\base.py", line 17, in get_template
    for origin in self.get_template_sources(template_name):
  File "D:\yash\billsnap\env\lib\site-packages\django\template\loaders\cached.py", line 70, in get_template_sources
    yield from loader.get_template_sources(template_name)
  File "D:\yash\billsnap\env\lib\site-packages\django\template\loaders\filesystem.py", line 35, in get_template_sources
    name = safe_join(template_dir, template_name)
  File "D:\yash\billsnap\env\lib\site-packages\django\utils\_os.py", line 17, in safe_join
    final_path = abspath(join(base, *paths))
  File "C:\Users\NEHA\AppData\Local\Programs\Python\Python310\lib\ntpath.py", line 143, in join
    genericpath._check_arg_types('join', path, *paths)
  File "C:\Users\NEHA\AppData\Local\Programs\Python\Python310\lib\genericpath.py", line 152, in _check_arg_types
    raise TypeError(f'{funcname}() argument must be str, bytes, or '
TypeError: join() argument must be str, bytes, or os.PathLike object, not 'dict'
[2023-02-22T00:25:50] DEBUG [PIL.Image.init:369] Importing BlpImagePlugin
[2023-02-22T00:25:50] DEBUG [PIL.Image.init:369] Importing BmpImagePlugin
[2023-02-22T00:25:50] DEBUG [PIL.Image.init:369] Importing BufrStubImagePlugin
[2023-02-22T00:25:50] DEBUG [PIL.Image.init:369] Importing CurImagePlugin
[2023-02-22T00:25:50] DEBUG [PIL.Image.init:369] Importing DcxImagePlugin
[2023-02-22T00:25:50] DEBUG [PIL.Image.init:369] Importing DdsImagePlugin
[2023-02-22T00:25:50] DEBUG [PIL.Image.init:369] Importing EpsImagePlugin
[2023-02-22T00:25:50] DEBUG [PIL.Image.init:369] Importing FitsImagePlugin
[2023-02-22T00:25:50] DEBUG [PIL.Image.init:369] Importing FitsStubImagePlugin
[2023-02-22T00:25:50] DEBUG [PIL.Image.init:369] Importing FliImagePlugin
[2023-02-22T00:25:50] DEBUG [PIL.Image.init:369] Importing FpxImagePlugin
[2023-02-22T00:25:50] DEBUG [PIL.Image.init:372] Image: failed to import FpxImagePlugin: No module named 'olefile'
[2023-02-22T00:25:50] DEBUG [PIL.Image.init:369] Importing FtexImagePlugin
[2023-02-22T00:25:50] DEBUG [PIL.Image.init:369] Importing GbrImagePlugin
[2023-02-22T00:25:50] DEBUG [PIL.Image.init:369] Importing GifImagePlugin
[2023-02-22T00:25:50] DEBUG [PIL.Image.init:369] Importing GribStubImagePlugin
[2023-02-22T00:25:50] DEBUG [PIL.Image.init:369] Importing Hdf5StubImagePlugin
[2023-02-22T00:25:50] DEBUG [PIL.Image.init:369] Importing IcnsImagePlugin
[2023-02-22T00:25:50] DEBUG [PIL.Image.init:369] Importing IcoImagePlugin
[2023-02-22T00:25:50] DEBUG [PIL.Image.init:369] Importing ImImagePlugin
[2023-02-22T00:25:50] DEBUG [PIL.Image.init:369] Importing ImtImagePlugin
[2023-02-22T00:25:50] DEBUG [PIL.Image.init:369] Importing IptcImagePlugin
[2023-02-22T00:25:50] DEBUG [PIL.Image.init:369] Importing JpegImagePlugin
[2023-02-22T00:25:50] DEBUG [PIL.Image.init:369] Importing Jpeg2KImagePlugin
[2023-02-22T00:25:50] DEBUG [PIL.Image.init:369] Importing McIdasImagePlugin
[2023-02-22T00:25:50] DEBUG [PIL.Image.init:369] Importing MicImagePlugin
[2023-02-22T00:25:51] DEBUG [PIL.Image.init:372] Image: failed to import MicImagePlugin: No module named 'olefile'
[2023-02-22T00:25:51] DEBUG [PIL.Image.init:369] Importing MpegImagePlugin
[2023-02-22T00:25:51] DEBUG [PIL.Image.init:369] Importing MpoImagePlugin
[2023-02-22T00:25:51] DEBUG [PIL.Image.init:369] Importing MspImagePlugin
[2023-02-22T00:25:51] DEBUG [PIL.Image.init:369] Importing PalmImagePlugin
[2023-02-22T00:25:51] DEBUG [PIL.Image.init:369] Importing PcdImagePlugin
[2023-02-22T00:25:51] DEBUG [PIL.Image.init:369] Importing PcxImagePlugin
[2023-02-22T00:25:51] DEBUG [PIL.Image.init:369] Importing PdfImagePlugin
[2023-02-22T00:25:51] DEBUG [PIL.Image.init:369] Importing PixarImagePlugin
[2023-02-22T00:25:51] DEBUG [PIL.Image.init:369] Importing PngImagePlugin
[2023-02-22T00:25:51] DEBUG [PIL.Image.init:369] Importing PpmImagePlugin
[2023-02-22T00:25:51] DEBUG [PIL.Image.init:369] Importing PsdImagePlugin
[2023-02-22T00:25:51] DEBUG [PIL.Image.init:369] Importing SgiImagePlugin
[2023-02-22T00:25:51] DEBUG [PIL.Image.init:369] Importing SpiderImagePlugin
[2023-02-22T00:25:51] DEBUG [PIL.Image.init:369] Importing SunImagePlugin
[2023-02-22T00:25:51] DEBUG [PIL.Image.init:369] Importing TgaImagePlugin
[2023-02-22T00:25:51] DEBUG [PIL.Image.init:369] Importing TiffImagePlugin
[2023-02-22T00:25:51] DEBUG [PIL.Image.init:369] Importing WebPImagePlugin
[2023-02-22T00:25:51] DEBUG [PIL.Image.init:369] Importing WmfImagePlugin
[2023-02-22T00:25:51] DEBUG [PIL.Image.init:369] Importing XbmImagePlugin
[2023-02-22T00:25:51] DEBUG [PIL.Image.init:369] Importing XpmImagePlugin
[2023-02-22T00:25:51] DEBUG [PIL.Image.init:369] Importing XVThumbImagePlugin
[2023-02-22T00:26:28] WARNING [django.request.log_response:241] Not Found: /admin/course/course/
[2023-02-22T00:26:29] WARNING [django.request.log_response:241] Not Found: /admin/course/course/
[2023-02-22T00:38:42] ERROR [django.request.log_response:241] Internal Server Error: /apps/helo/notify/neha/
Traceback (most recent call last):
  File "D:\yash\billsnap\env\lib\site-packages\django\core\handlers\exception.py", line 55, in inner
    response = get_response(request)
  File "D:\yash\billsnap\env\lib\site-packages\django\core\handlers\base.py", line 197, in _get_response
    response = wrapped_callback(request, *callback_args, **callback_kwargs)
  File "D:\yash\billsnap\billsnapdec\dashboard\views.py", line 254, in notification
    return render('', {'user_notifications':user_notifications})
  File "D:\yash\billsnap\env\lib\site-packages\django\shortcuts.py", line 24, in render
    content = loader.render_to_string(template_name, context, request, using=using)
  File "D:\yash\billsnap\env\lib\site-packages\django\template\loader.py", line 61, in render_to_string
    template = get_template(template_name, using=using)
  File "D:\yash\billsnap\env\lib\site-packages\django\template\loader.py", line 15, in get_template
    return engine.get_template(template_name)
  File "D:\yash\billsnap\env\lib\site-packages\django\template\backends\django.py", line 34, in get_template
    return Template(self.engine.get_template(template_name), self)
  File "D:\yash\billsnap\env\lib\site-packages\django\template\engine.py", line 175, in get_template
    template, origin = self.find_template(template_name)
  File "D:\yash\billsnap\env\lib\site-packages\django\template\engine.py", line 157, in find_template
    template = loader.get_template(name, skip=skip)
  File "D:\yash\billsnap\env\lib\site-packages\django\template\loaders\cached.py", line 57, in get_template
    template = super().get_template(template_name, skip)
  File "D:\yash\billsnap\env\lib\site-packages\django\template\loaders\base.py", line 17, in get_template
    for origin in self.get_template_sources(template_name):
  File "D:\yash\billsnap\env\lib\site-packages\django\template\loaders\cached.py", line 70, in get_template_sources
    yield from loader.get_template_sources(template_name)
  File "D:\yash\billsnap\env\lib\site-packages\django\template\loaders\filesystem.py", line 35, in get_template_sources
    name = safe_join(template_dir, template_name)
  File "D:\yash\billsnap\env\lib\site-packages\django\utils\_os.py", line 17, in safe_join
    final_path = abspath(join(base, *paths))
  File "C:\Users\NEHA\AppData\Local\Programs\Python\Python310\lib\ntpath.py", line 143, in join
    genericpath._check_arg_types('join', path, *paths)
  File "C:\Users\NEHA\AppData\Local\Programs\Python\Python310\lib\genericpath.py", line 152, in _check_arg_types
    raise TypeError(f'{funcname}() argument must be str, bytes, or '
TypeError: join() argument must be str, bytes, or os.PathLike object, not 'dict'
[2023-02-22T00:42:15] ERROR [django.request.log_response:241] Internal Server Error: /apps/helo/notify/kim/
Traceback (most recent call last):
  File "D:\yash\billsnap\env\lib\site-packages\django\core\handlers\exception.py", line 55, in inner
    response = get_response(request)
  File "D:\yash\billsnap\env\lib\site-packages\django\core\handlers\base.py", line 197, in _get_response
    response = wrapped_callback(request, *callback_args, **callback_kwargs)
  File "D:\yash\billsnap\billsnapdec\dashboard\views.py", line 254, in notification
    return render('', {'user_notifications':user_notifications})
  File "D:\yash\billsnap\env\lib\site-packages\django\shortcuts.py", line 24, in render
    content = loader.render_to_string(template_name, context, request, using=using)
  File "D:\yash\billsnap\env\lib\site-packages\django\template\loader.py", line 61, in render_to_string
    template = get_template(template_name, using=using)
  File "D:\yash\billsnap\env\lib\site-packages\django\template\loader.py", line 15, in get_template
    return engine.get_template(template_name)
  File "D:\yash\billsnap\env\lib\site-packages\django\template\backends\django.py", line 34, in get_template
    return Template(self.engine.get_template(template_name), self)
  File "D:\yash\billsnap\env\lib\site-packages\django\template\engine.py", line 175, in get_template
    template, origin = self.find_template(template_name)
  File "D:\yash\billsnap\env\lib\site-packages\django\template\engine.py", line 157, in find_template
    template = loader.get_template(name, skip=skip)
  File "D:\yash\billsnap\env\lib\site-packages\django\template\loaders\cached.py", line 57, in get_template
    template = super().get_template(template_name, skip)
  File "D:\yash\billsnap\env\lib\site-packages\django\template\loaders\base.py", line 17, in get_template
    for origin in self.get_template_sources(template_name):
  File "D:\yash\billsnap\env\lib\site-packages\django\template\loaders\cached.py", line 70, in get_template_sources
    yield from loader.get_template_sources(template_name)
  File "D:\yash\billsnap\env\lib\site-packages\django\template\loaders\filesystem.py", line 35, in get_template_sources
    name = safe_join(template_dir, template_name)
  File "D:\yash\billsnap\env\lib\site-packages\django\utils\_os.py", line 17, in safe_join
    final_path = abspath(join(base, *paths))
  File "C:\Users\NEHA\AppData\Local\Programs\Python\Python310\lib\ntpath.py", line 143, in join
    genericpath._check_arg_types('join', path, *paths)
  File "C:\Users\NEHA\AppData\Local\Programs\Python\Python310\lib\genericpath.py", line 152, in _check_arg_types
    raise TypeError(f'{funcname}() argument must be str, bytes, or '
TypeError: join() argument must be str, bytes, or os.PathLike object, not 'dict'
